#
# A fatal error has been detected by the Java Runtime Environment:
#
#  EXCEPTION_ACCESS_VIOLATION (0xc0000005) at pc=0x00007ffadba68486, pid=20988, tid=12268
#
# JRE version: OpenJDK Runtime Environment (11.0+28) (build 11+28)
# Java VM: OpenJDK 64-Bit Server VM (11+28, mixed mode, tiered, compressed oops, parallel gc, windows-amd64)
# Problematic frame:
# V  [jvm.dll+0x618486]
#
# No core dump will be written. Minidumps are not enabled by default on client versions of Windows
#
# If you would like to submit a bug report, please visit:
#   http://bugreport.java.com/bugreport/crash.jsp
#

---------------  S U M M A R Y ------------

Command Line: --add-modules=ALL-SYSTEM --add-opens=java.base/java.util=ALL-UNNAMED --add-opens=java.base/java.lang=ALL-UNNAMED -Declipse.application=org.eclipse.jdt.ls.core.id1 -Dosgi.bundles.defaultStartLevel=4 -Declipse.product=org.eclipse.jdt.ls.core.product -Dfile.encoding=utf8 -DwatchParentProcess=false -XX:+UseParallelGC -XX:GCTimeRatio=4 -XX:AdaptiveSizePolicyWeight=90 -Dsun.zip.disableMemoryMapping=true -Xmx1G -Xms100m -javaagent:c:\Users\slato\.vscode\extensions\gabrielbb.vscode-lombok-1.0.1\server\lombok.jar -Xverify:none c:\Users\slato\.vscode\extensions\redhat.java-0.76.0\server\plugins\org.eclipse.equinox.launcher_1.6.100.v20201223-0822.jar -configuration c:\Users\slato\AppData\Roaming\Code\User\globalStorage\redhat.java\0.76.0\config_win -data c:\Users\slato\AppData\Roaming\Code\User\workspaceStorage\928932c0649bfb08318a6e9478376d27\redhat.java\jdt_ws

Host: Intel(R) Pentium(R) CPU 4415Y @ 1.60GHz, 4 cores, 7G,  Windows 10 , 64 bit Build 18362 (10.0.18362.1350)
Time: Mon Apr  5 21:23:13 2021 Hora de verano romance elapsed time: 18323 seconds (0d 5h 5m 23s)

---------------  T H R E A D  ---------------

Current thread (0x000002b0cc78c000):  JavaThread "C2 CompilerThread0" daemon [_thread_in_native, id=12268, stack(0x000000e5abe00000,0x000000e5abf00000)]


Current CompileTask:
C2:18323579 30350       4       java.util.concurrent.TimeUnit::convert (77 bytes)

Stack: [0x000000e5abe00000,0x000000e5abf00000],  sp=0x000000e5abefdaf8,  free space=1014k
Native frames: (J=compiled Java code, j=interpreted, Vv=VM code, C=native code)
V  [jvm.dll+0x618486]
C  0x000000e5abeff4f0


siginfo: EXCEPTION_ACCESS_VIOLATION (0xc0000005), writing address 0x00000000dc46ac19


Register to memory mapping:

RIP=0x00007ffadba68486 jvm.dll
RAX=0x00000000dc46ac19 is an unallocated location in the heap
RBX=0x000002b0dc46afc0 points into unknown readable memory
RCX=0x000002b0dc46afc0 points into unknown readable memory
RDX=0x0000000000000003 is an unknown value
RSP=0x000000e5abefdaf8 is pointing into the stack for thread: 0x000002b0cc78c000
RBP=0x0000000000000003 is an unknown value
RSI=0x0000000000000060 is an unknown value
RDI=0x000000e5abefe820 is pointing into the stack for thread: 0x000002b0cc78c000
R8 =0x0000000000000002 is an unknown value
R9 =0x0000000000000002 is an unknown value
R10=0x000002b0cc788110 points into unknown readable memory
R11={method} {0x000002b0cc2a2870} 'convert' '(JLjava/util/concurrent/TimeUnit;)J' in 'java/util/concurrent/TimeUnit'
R12=0x0000000000000002 is an unknown value
R13=0x0000000000000001 is an unknown value
R14=0x0 is NULL
R15=0x00000000000000e0 is an unknown value


Registers:
RAX=0x00000000dc46ac19, RBX=0x000002b0dc46afc0, RCX=0x000002b0dc46afc0, RDX=0x0000000000000003
RSP=0x000000e5abefdaf8, RBP=0x0000000000000003, RSI=0x0000000000000060, RDI=0x000000e5abefe820
R8 =0x0000000000000002, R9 =0x0000000000000002, R10=0x000002b0cc788110, R11=0x000002b0cc2a2868
R12=0x0000000000000002, R13=0x0000000000000001, R14=0x0000000000000000, R15=0x00000000000000e0
RIP=0x00007ffadba68486, EFLAGS=0x0000000000010282

Top of Stack: (sp=0x000000e5abefdaf8)
0x000000e5abefdaf8:   00007ffadb66c8fb 000000e5abeff4f0
0x000000e5abefdb08:   000002b0b23c5820 000002b0dcce39d0
0x000000e5abefdb18:   000000e5abefdc50 000000e5abefe820
0x000000e5abefdb28:   000000e5abefe938 000000e5abefef68
0x000000e5abefdb38:   0000000000000000 000000e5abeff0a0
0x000000e5abefdb48:   00007ffadb66acba 000000e5abeff4f0
0x000000e5abefdb58:   000000e5abefdc50 000002b0b23c5820
0x000000e5abefdb68:   000000e5abeff024 0000000000000000
0x000000e5abefdb78:   000000e5abeff0c8 0000000000000008
0x000000e5abefdb88:   000002b0cf2dd760 000000e5abeff278
0x000000e5abefdb98:   000000e5abeff290 000002b0b23ec640
0x000000e5abefdba8:   0000000000000000 0000000000000000
0x000000e5abefdbb8:   0000000000000002 0000000000000000
0x000000e5abefdbc8:   0000000000000000 0000000000000000
0x000000e5abefdbd8:   0000000000000000 0000000000000000
0x000000e5abefdbe8:   00007ffadbccabf0 0000000000000000 

Instructions: (pc=0x00007ffadba68486)
0x00007ffadba68466:   00 00 f8 35 d9 03 00 00 00 00 f8 35 d9 03 00 00
0x00007ffadba68476:   00 00 f8 35 d9 03 00 00 00 00 f8 35 d9 03 00 00
0x00007ffadba68486:   00 00 f8 35 d9 03 00 00 00 00 f8 35 d9 03 00 00
0x00007ffadba68496:   00 00 f8 35 d9 03 00 00 00 00 f8 35 d9 03 00 00 



---------------  P R O C E S S  ---------------

Threads class SMR info:
_java_thread_list=0x000002b0cf63af60, length=22, elements={
0x000002b0b231b800, 0x000002b0cc76f800, 0x000002b0cc770800, 0x000002b0cd942800,
0x000002b0cd943000, 0x000002b0cc78c000, 0x000002b0cc798000, 0x000002b0cc7cd800,
0x000002b0cda5f000, 0x000002b0cdc45800, 0x000002b0ce3f1800, 0x000002b0cdf46800,
0x000002b0cdcfb000, 0x000002b0cdeb5800, 0x000002b0ced6f000, 0x000002b0ce4e6800,
0x000002b0cdd4f800, 0x000002b0cedef800, 0x000002b0ceded800, 0x000002b0e09f0000,
0x000002b0e09f3800, 0x000002b0e09f4800
}

Java Threads: ( => current thread )
  0x000002b0b231b800 JavaThread "main" [_thread_blocked, id=20684, stack(0x000000e5ab700000,0x000000e5ab800000)]
  0x000002b0cc76f800 JavaThread "Reference Handler" daemon [_thread_blocked, id=15764, stack(0x000000e5aba00000,0x000000e5abb00000)]
  0x000002b0cc770800 JavaThread "Finalizer" daemon [_thread_blocked, id=11620, stack(0x000000e5abb00000,0x000000e5abc00000)]
  0x000002b0cd942800 JavaThread "Signal Dispatcher" daemon [_thread_blocked, id=18320, stack(0x000000e5abc00000,0x000000e5abd00000)]
  0x000002b0cd943000 JavaThread "Attach Listener" daemon [_thread_blocked, id=25952, stack(0x000000e5abd00000,0x000000e5abe00000)]
=>0x000002b0cc78c000 JavaThread "C2 CompilerThread0" daemon [_thread_in_native, id=12268, stack(0x000000e5abe00000,0x000000e5abf00000)]
  0x000002b0cc798000 JavaThread "C1 CompilerThread0" daemon [_thread_blocked, id=20536, stack(0x000000e5abf00000,0x000000e5ac000000)]
  0x000002b0cc7cd800 JavaThread "Sweeper thread" daemon [_thread_blocked, id=2060, stack(0x000000e5ac000000,0x000000e5ac100000)]
  0x000002b0cda5f000 JavaThread "Common-Cleaner" daemon [_thread_blocked, id=12252, stack(0x000000e5ac100000,0x000000e5ac200000)]
  0x000002b0cdc45800 JavaThread "Service Thread" daemon [_thread_blocked, id=25344, stack(0x000000e5ac200000,0x000000e5ac300000)]
  0x000002b0ce3f1800 JavaThread "Active Thread: Equinox Container: 78b66212-3bdd-4161-8ac7-6dc203078ed9" [_thread_blocked, id=16796, stack(0x000000e5ac400000,0x000000e5ac500000)]
  0x000002b0cdf46800 JavaThread "Framework Event Dispatcher: Equinox Container: 78b66212-3bdd-4161-8ac7-6dc203078ed9" daemon [_thread_blocked, id=13380, stack(0x000000e5ac600000,0x000000e5ac700000)]
  0x000002b0cdcfb000 JavaThread "Start Level: Equinox Container: 78b66212-3bdd-4161-8ac7-6dc203078ed9" daemon [_thread_blocked, id=11724, stack(0x000000e5ac700000,0x000000e5ac800000)]
  0x000002b0cdeb5800 JavaThread "SCR Component Actor" daemon [_thread_blocked, id=14492, stack(0x000000e5aca00000,0x000000e5acb00000)]
  0x000002b0ced6f000 JavaThread "Bundle File Closer" daemon [_thread_blocked, id=10896, stack(0x000000e5acc00000,0x000000e5acd00000)]
  0x000002b0ce4e6800 JavaThread "Worker-JM" [_thread_blocked, id=9740, stack(0x000000e5acd00000,0x000000e5ace00000)]
  0x000002b0cdd4f800 JavaThread "Java indexing" daemon [_thread_blocked, id=1360, stack(0x000000e5ad000000,0x000000e5ad100000)]
  0x000002b0cedef800 JavaThread "logback configurator timer" daemon [_thread_blocked, id=6968, stack(0x000000e5acb00000,0x000000e5acc00000)]
  0x000002b0ceded800 JavaThread "pool-2-thread-1" [_thread_in_native, id=18144, stack(0x000000e5ad100000,0x000000e5ad200000)]
  0x000002b0e09f0000 JavaThread "ForkJoinPool.commonPool-worker-1" daemon [_thread_blocked, id=1476, stack(0x000000e5ad500000,0x000000e5ad600000)]
  0x000002b0e09f3800 JavaThread "Worker-68" [_thread_blocked, id=23632, stack(0x000000e5ab500000,0x000000e5ab600000)]
  0x000002b0e09f4800 JavaThread "Worker-69" [_thread_blocked, id=24212, stack(0x000000e5ace00000,0x000000e5acf00000)]

Other Threads:
  0x000002b0b23de800 VMThread "VM Thread" [stack: 0x000000e5ab900000,0x000000e5aba00000] [id=23888]
  0x000002b0cdc49000 WatcherThread [stack: 0x000000e5ac300000,0x000000e5ac400000] [id=17884]
  0x000002b0b232f800 GCTaskThread "ParGC Thread#0" [stack: 0x000000e5ab800000,0x000000e5ab900000] [id=25584]
  0x000002b0cde6f800 GCTaskThread "ParGC Thread#1" [stack: 0x000000e5ac500000,0x000000e5ac600000] [id=14268]
  0x000002b0ce06c000 GCTaskThread "ParGC Thread#2" [stack: 0x000000e5ac800000,0x000000e5ac900000] [id=23748]
  0x000002b0ce06d000 GCTaskThread "ParGC Thread#3" [stack: 0x000000e5ac900000,0x000000e5aca00000] [id=19728]

Threads with active compile tasks:
C2 CompilerThread030350       4       java.util.concurrent.TimeUnit::convert (77 bytes)

VM state:not at safepoint (normal execution)

VM Mutex/Monitor currently owned by a thread: None

Heap address: 0x00000000c0000000, size: 1024 MB, Compressed Oops mode: 32-bit
Narrow klass base: 0x0000000000000000, Narrow klass shift: 3
Compressed class space size: 1073741824 Address: 0x0000000100000000

Heap:
 PSYoungGen      total 21504K, used 8593K [0x00000000eab00000, 0x00000000ed180000, 0x0000000100000000)
  eden space 19456K, 40% used [0x00000000eab00000,0x00000000eb2a8610,0x00000000ebe00000)
  from space 2048K, 36% used [0x00000000ecd80000,0x00000000ece3c010,0x00000000ecf80000)
  to   space 1536K, 0% used [0x00000000ed000000,0x00000000ed000000,0x00000000ed180000)
 ParOldGen       total 211456K, used 171322K [0x00000000c0000000, 0x00000000cce80000, 0x00000000eab00000)
  object space 211456K, 81% used [0x00000000c0000000,0x00000000ca74eb78,0x00000000cce80000)
 Metaspace       used 93984K, capacity 97941K, committed 98068K, reserved 1138688K
  class space    used 8449K, capacity 9833K, committed 9856K, reserved 1048576K

Card table byte_map: [0x000002b0c9840000,0x000002b0c9a50000] _byte_map_base: 0x000002b0c9240000

Marking Bits: (ParMarkBitMap*) 0x00007ffadbed58f0
 Begin Bits: [0x000002b0c9bb0000, 0x000002b0cabb0000)
 End Bits:   [0x000002b0cabb0000, 0x000002b0cbbb0000)

Polling page: 0x000002b0b23f0000

Metaspace:

Usage:
  Non-class:     86.04 MB capacity,    83.53 MB ( 97%) used,     2.32 MB (  3%) free+waste,   202.19 KB ( <1%) overhead. 
      Class:      9.60 MB capacity,     8.25 MB ( 86%) used,     1.27 MB ( 13%) free+waste,    80.44 KB ( <1%) overhead. 
       Both:     95.65 MB capacity,    91.78 MB ( 96%) used,     3.59 MB (  4%) free+waste,   282.63 KB ( <1%) overhead. 

Virtual space:
  Non-class space:       88.00 MB reserved,      86.14 MB ( 98%) committed 
      Class space:        1.00 GB reserved,       9.63 MB ( <1%) committed 
             Both:        1.09 GB reserved,      95.77 MB (  9%) committed 

Chunk freelists:
   Non-Class:  5.00 KB
       Class:  2.88 KB
        Both:  7.88 KB

CodeHeap 'non-profiled nmethods': size=120064Kb used=29463Kb max_used=29644Kb free=90600Kb
 bounds [0x000002b0c2110000, 0x000002b0c3e30000, 0x000002b0c9650000]
CodeHeap 'profiled nmethods': size=120000Kb used=40331Kb max_used=41959Kb free=79668Kb
 bounds [0x000002b0babe0000, 0x000002b0bd610000, 0x000002b0c2110000]
CodeHeap 'non-nmethods': size=5696Kb used=1332Kb max_used=1422Kb free=4363Kb
 bounds [0x000002b0ba650000, 0x000002b0ba8c0000, 0x000002b0babe0000]
 total_blobs=45879 nmethods=19478 adapters=658
 compilation: enabled
              stopped_count=0, restarted_count=0
 full_count=0

Compilation events (10 events):
Event: 11445.521 Thread 0x000002b0cc798000 nmethod 30342 0x000002b0bca50c10 code [0x000002b0bca50de0, 0x000002b0bca51150]
Event: 11445.521 Thread 0x000002b0cc798000 30343       3       java.util.concurrent.ScheduledThreadPoolExecutor::reExecutePeriodic (49 bytes)
Event: 11445.521 Thread 0x000002b0cc798000 nmethod 30343 0x000002b0bcc9a890 code [0x000002b0bcc9aac0, 0x000002b0bcc9b190]
Event: 11475.527 Thread 0x000002b0cc798000 30347   !   3       java.util.concurrent.FutureTask::runAndReset (125 bytes)
Event: 11475.537 Thread 0x000002b0cc798000 nmethod 30347 0x000002b0bd17af10 code [0x000002b0bd17b300, 0x000002b0bd17ce80]
Event: 11535.536 Thread 0x000002b0cc798000 30348       3       java.util.concurrent.locks.AbstractQueuedSynchronizer$ConditionObject::doSignal (43 bytes)
Event: 11535.536 Thread 0x000002b0cc798000 nmethod 30348 0x000002b0bcab6b10 code [0x000002b0bcab6ce0, 0x000002b0bcab7030]
Event: 11535.536 Thread 0x000002b0cc798000 30349       3       java.util.concurrent.locks.AbstractQueuedSynchronizer::transferForSignal (45 bytes)
Event: 11535.538 Thread 0x000002b0cc798000 nmethod 30349 0x000002b0bcd6cf10 code [0x000002b0bcd6d200, 0x000002b0bcd6e120]
Event: 18319.503 Thread 0x000002b0cc78c000 30350       4       java.util.concurrent.TimeUnit::convert (77 bytes)

GC Heap History (10 events):
Event: 10493.325 GC heap before
{Heap before GC invocations=13148 (full 344):
 PSYoungGen      total 19968K, used 19866K [0x00000000eab00000, 0x00000000ed300000, 0x0000000100000000)
  eden space 19456K, 100% used [0x00000000eab00000,0x00000000ebe00000,0x00000000ebe00000)
  from space 512K, 80% used [0x00000000ed280000,0x00000000ed2e6900,0x00000000ed300000)
  to   space 7168K, 0% used [0x00000000ec500000,0x00000000ec500000,0x00000000ecc00000)
 ParOldGen       total 211456K, used 167947K [0x00000000c0000000, 0x00000000cce80000, 0x00000000eab00000)
  object space 211456K, 79% used [0x00000000c0000000,0x00000000ca402c80,0x00000000cce80000)
 Metaspace       used 93952K, capacity 97877K, committed 98068K, reserved 1138688K
  class space    used 8449K, capacity 9833K, committed 9856K, reserved 1048576K
}
Event: 10493.331 GC heap after
{Heap after GC invocations=13148 (full 344):
 PSYoungGen      total 26624K, used 480K [0x00000000eab00000, 0x00000000ed300000, 0x0000000100000000)
  eden space 19456K, 0% used [0x00000000eab00000,0x00000000eab00000,0x00000000ebe00000)
  from space 7168K, 6% used [0x00000000ec500000,0x00000000ec578040,0x00000000ecc00000)
  to   space 2048K, 0% used [0x00000000ed100000,0x00000000ed100000,0x00000000ed300000)
 ParOldGen       total 211456K, used 168199K [0x00000000c0000000, 0x00000000cce80000, 0x00000000eab00000)
  object space 211456K, 79% used [0x00000000c0000000,0x00000000ca441e80,0x00000000cce80000)
 Metaspace       used 93952K, capacity 97877K, committed 98068K, reserved 1138688K
  class space    used 8449K, capacity 9833K, committed 9856K, reserved 1048576K
}
Event: 10493.390 GC heap before
{Heap before GC invocations=13149 (full 344):
 PSYoungGen      total 26624K, used 19936K [0x00000000eab00000, 0x00000000ed300000, 0x0000000100000000)
  eden space 19456K, 100% used [0x00000000eab00000,0x00000000ebe00000,0x00000000ebe00000)
  from space 7168K, 6% used [0x00000000ec500000,0x00000000ec578040,0x00000000ecc00000)
  to   space 2048K, 0% used [0x00000000ed100000,0x00000000ed100000,0x00000000ed300000)
 ParOldGen       total 211456K, used 168199K [0x00000000c0000000, 0x00000000cce80000, 0x00000000eab00000)
  object space 211456K, 79% used [0x00000000c0000000,0x00000000ca441e80,0x00000000cce80000)
 Metaspace       used 93952K, capacity 97877K, committed 98068K, reserved 1138688K
  class space    used 8449K, capacity 9833K, committed 9856K, reserved 1048576K
}
Event: 10493.394 GC heap after
{Heap after GC invocations=13149 (full 344):
 PSYoungGen      total 20992K, used 1120K [0x00000000eab00000, 0x00000000ed280000, 0x0000000100000000)
  eden space 19456K, 0% used [0x00000000eab00000,0x00000000eab00000,0x00000000ebe00000)
  from space 1536K, 72% used [0x00000000ed100000,0x00000000ed218000,0x00000000ed280000)
  to   space 1536K, 0% used [0x00000000ecf80000,0x00000000ecf80000,0x00000000ed100000)
 ParOldGen       total 211456K, used 168551K [0x00000000c0000000, 0x00000000cce80000, 0x00000000eab00000)
  object space 211456K, 79% used [0x00000000c0000000,0x00000000ca499ec0,0x00000000cce80000)
 Metaspace       used 93952K, capacity 97877K, committed 98068K, reserved 1138688K
  class space    used 8449K, capacity 9833K, committed 9856K, reserved 1048576K
}
Event: 10493.474 GC heap before
{Heap before GC invocations=13150 (full 344):
 PSYoungGen      total 20992K, used 20576K [0x00000000eab00000, 0x00000000ed280000, 0x0000000100000000)
  eden space 19456K, 100% used [0x00000000eab00000,0x00000000ebe00000,0x00000000ebe00000)
  from space 1536K, 72% used [0x00000000ed100000,0x00000000ed218000,0x00000000ed280000)
  to   space 1536K, 0% used [0x00000000ecf80000,0x00000000ecf80000,0x00000000ed100000)
 ParOldGen       total 211456K, used 168551K [0x00000000c0000000, 0x00000000cce80000, 0x00000000eab00000)
  object space 211456K, 79% used [0x00000000c0000000,0x00000000ca499ec0,0x00000000cce80000)
 Metaspace       used 93952K, capacity 97877K, committed 98068K, reserved 1138688K
  class space    used 8449K, capacity 9833K, committed 9856K, reserved 1048576K
}
Event: 10493.480 GC heap after
{Heap after GC invocations=13150 (full 344):
 PSYoungGen      total 20992K, used 1498K [0x00000000eab00000, 0x00000000ed180000, 0x0000000100000000)
  eden space 19456K, 0% used [0x00000000eab00000,0x00000000eab00000,0x00000000ebe00000)
  from space 1536K, 97% used [0x00000000ecf80000,0x00000000ed0f6900,0x00000000ed100000)
  to   space 512K, 0% used [0x00000000ed100000,0x00000000ed100000,0x00000000ed180000)
 ParOldGen       total 211456K, used 169555K [0x00000000c0000000, 0x00000000cce80000, 0x00000000eab00000)
  object space 211456K, 80% used [0x00000000c0000000,0x00000000ca594f30,0x00000000cce80000)
 Metaspace       used 93952K, capacity 97877K, committed 98068K, reserved 1138688K
  class space    used 8449K, capacity 9833K, committed 9856K, reserved 1048576K
}
Event: 10493.533 GC heap before
{Heap before GC invocations=13151 (full 344):
 PSYoungGen      total 20992K, used 20954K [0x00000000eab00000, 0x00000000ed180000, 0x0000000100000000)
  eden space 19456K, 100% used [0x00000000eab00000,0x00000000ebe00000,0x00000000ebe00000)
  from space 1536K, 97% used [0x00000000ecf80000,0x00000000ed0f6900,0x00000000ed100000)
  to   space 512K, 0% used [0x00000000ed100000,0x00000000ed100000,0x00000000ed180000)
 ParOldGen       total 211456K, used 169555K [0x00000000c0000000, 0x00000000cce80000, 0x00000000eab00000)
  object space 211456K, 80% used [0x00000000c0000000,0x00000000ca594f30,0x00000000cce80000)
 Metaspace       used 93952K, capacity 97877K, committed 98068K, reserved 1138688K
  class space    used 8449K, capacity 9833K, committed 9856K, reserved 1048576K
}
Event: 10493.538 GC heap after
{Heap after GC invocations=13151 (full 344):
 PSYoungGen      total 19968K, used 512K [0x00000000eab00000, 0x00000000ed180000, 0x0000000100000000)
  eden space 19456K, 0% used [0x00000000eab00000,0x00000000eab00000,0x00000000ebe00000)
  from space 512K, 100% used [0x00000000ed100000,0x00000000ed180000,0x00000000ed180000)
  to   space 2048K, 0% used [0x00000000ecd80000,0x00000000ecd80000,0x00000000ecf80000)
 ParOldGen       total 211456K, used 170798K [0x00000000c0000000, 0x00000000cce80000, 0x00000000eab00000)
  object space 211456K, 80% used [0x00000000c0000000,0x00000000ca6cbb68,0x00000000cce80000)
 Metaspace       used 93952K, capacity 97877K, committed 98068K, reserved 1138688K
  class space    used 8449K, capacity 9833K, committed 9856K, reserved 1048576K
}
Event: 10516.214 GC heap before
{Heap before GC invocations=13152 (full 344):
 PSYoungGen      total 19968K, used 19968K [0x00000000eab00000, 0x00000000ed180000, 0x0000000100000000)
  eden space 19456K, 100% used [0x00000000eab00000,0x00000000ebe00000,0x00000000ebe00000)
  from space 512K, 100% used [0x00000000ed100000,0x00000000ed180000,0x00000000ed180000)
  to   space 2048K, 0% used [0x00000000ecd80000,0x00000000ecd80000,0x00000000ecf80000)
 ParOldGen       total 211456K, used 170798K [0x00000000c0000000, 0x00000000cce80000, 0x00000000eab00000)
  object space 211456K, 80% used [0x00000000c0000000,0x00000000ca6cbb68,0x00000000cce80000)
 Metaspace       used 93953K, capacity 97877K, committed 98068K, reserved 1138688K
  class space    used 8449K, capacity 9833K, committed 9856K, reserved 1048576K
}
Event: 10516.220 GC heap after
{Heap after GC invocations=13152 (full 344):
 PSYoungGen      total 21504K, used 752K [0x00000000eab00000, 0x00000000ed180000, 0x0000000100000000)
  eden space 19456K, 0% used [0x00000000eab00000,0x00000000eab00000,0x00000000ebe00000)
  from space 2048K, 36% used [0x00000000ecd80000,0x00000000ece3c010,0x00000000ecf80000)
  to   space 1536K, 0% used [0x00000000ed000000,0x00000000ed000000,0x00000000ed180000)
 ParOldGen       total 211456K, used 171322K [0x00000000c0000000, 0x00000000cce80000, 0x00000000eab00000)
  object space 211456K, 81% used [0x00000000c0000000,0x00000000ca74eb78,0x00000000cce80000)
 Metaspace       used 93953K, capacity 97877K, committed 98068K, reserved 1138688K
  class space    used 8449K, capacity 9833K, committed 9856K, reserved 1048576K
}

Deoptimization events (10 events):
Event: 10196.216 Thread 0x000002b0e09f1000 Uncommon trap: reason=bimorphic_or_optimized_type_check action=maybe_recompile pc=0x000002b0c33c9f2c method=org.eclipse.jdt.internal.compiler.lookup.TypeBinding.sIsMoreSpecific(Lorg/eclipse/jdt/internal/compiler/lookup/TypeBinding;Lorg/eclipse/jdt/interna
Event: 10196.216 Thread 0x000002b0e09f1000 Uncommon trap: reason=unstable_if action=reinterpret pc=0x000002b0c3c15bf4 method=org.eclipse.jdt.internal.compiler.lookup.Scope.mostSpecificMethodBinding([Lorg/eclipse/jdt/internal/compiler/lookup/MethodBinding;I[Lorg/eclipse/jdt/internal/compiler/lookup
Event: 10197.341 Thread 0x000002b0e09f2800 Uncommon trap: reason=class_check action=maybe_recompile pc=0x000002b0c2df1310 method=org.eclipse.jdt.internal.compiler.parser.Parser.consumeBinaryExpression(I)V @ 455 c2
Event: 10197.520 Thread 0x000002b0e09f2800 Uncommon trap: reason=bimorphic_or_optimized_type_check action=maybe_recompile pc=0x000002b0c3490a10 method=org.eclipse.jdt.internal.compiler.ast.MessageSend.resolveType(Lorg/eclipse/jdt/internal/compiler/lookup/BlockScope;)Lorg/eclipse/jdt/internal/compi
Event: 10197.520 Thread 0x000002b0e09f2800 Uncommon trap: reason=bimorphic_or_optimized_type_check action=maybe_recompile pc=0x000002b0c33c9f2c method=org.eclipse.jdt.internal.compiler.lookup.TypeBinding.sIsMoreSpecific(Lorg/eclipse/jdt/internal/compiler/lookup/TypeBinding;Lorg/eclipse/jdt/interna
Event: 10197.650 Thread 0x000002b0e09ec000 Uncommon trap: reason=bimorphic_or_optimized_type_check action=maybe_recompile pc=0x000002b0c33c9f2c method=org.eclipse.jdt.internal.compiler.lookup.TypeBinding.sIsMoreSpecific(Lorg/eclipse/jdt/internal/compiler/lookup/TypeBinding;Lorg/eclipse/jdt/interna
Event: 10197.677 Thread 0x000002b0e09ec000 Uncommon trap: reason=class_check action=maybe_recompile pc=0x000002b0c2df1310 method=org.eclipse.jdt.internal.compiler.parser.Parser.consumeBinaryExpression(I)V @ 455 c2
Event: 10197.815 Thread 0x000002b0e09ec000 Uncommon trap: reason=bimorphic_or_optimized_type_check action=maybe_recompile pc=0x000002b0c33c9f2c method=org.eclipse.jdt.internal.compiler.lookup.TypeBinding.sIsMoreSpecific(Lorg/eclipse/jdt/internal/compiler/lookup/TypeBinding;Lorg/eclipse/jdt/interna
Event: 10199.729 Thread 0x000002b0e09ef800 Uncommon trap: reason=class_check action=maybe_recompile pc=0x000002b0c2df1310 method=org.eclipse.jdt.internal.compiler.parser.Parser.consumeBinaryExpression(I)V @ 455 c2
Event: 10201.508 Thread 0x000002b0e09f1000 Uncommon trap: reason=unstable_if action=reinterpret pc=0x000002b0c29e0dcc method=org.eclipse.jdt.internal.core.dom.rewrite.ASTRewriteAnalyzer.visit(Lorg/eclipse/jdt/core/dom/InfixExpression;)Z @ 5 c2

Classes redefined (0 events):
No events

Internal exceptions (10 events):
Event: 10702.960 Thread 0x000002b0e09f4800 Implicit null exception at 0x000002b0bd35837f to 0x000002b0bd35d602
Event: 10702.960 Thread 0x000002b0e09f4800 Exception <a 'java/lang/NullPointerException'{0x00000000eb012710}> (0x00000000eb012710) thrown at [t:/workspace/open/src/hotspot/share/runtime/sharedRuntime.cpp, line 584]
Event: 10702.960 Thread 0x000002b0e09f4800 Implicit null exception at 0x000002b0bd35837f to 0x000002b0bd35d602
Event: 10702.960 Thread 0x000002b0e09f4800 Exception <a 'java/lang/NullPointerException'{0x00000000eb0129f0}> (0x00000000eb0129f0) thrown at [t:/workspace/open/src/hotspot/share/runtime/sharedRuntime.cpp, line 584]
Event: 10702.960 Thread 0x000002b0e09f4800 Implicit null exception at 0x000002b0bd35837f to 0x000002b0bd35d602
Event: 10702.960 Thread 0x000002b0e09f4800 Exception <a 'java/lang/NullPointerException'{0x00000000eb0130b0}> (0x00000000eb0130b0) thrown at [t:/workspace/open/src/hotspot/share/runtime/sharedRuntime.cpp, line 584]
Event: 10702.961 Thread 0x000002b0e09f4800 Implicit null exception at 0x000002b0bd35837f to 0x000002b0bd35d602
Event: 10702.961 Thread 0x000002b0e09f4800 Exception <a 'java/lang/NullPointerException'{0x00000000eb013390}> (0x00000000eb013390) thrown at [t:/workspace/open/src/hotspot/share/runtime/sharedRuntime.cpp, line 584]
Event: 10702.961 Thread 0x000002b0e09f4800 Implicit null exception at 0x000002b0bd35837f to 0x000002b0bd35d602
Event: 10702.961 Thread 0x000002b0e09f4800 Exception <a 'java/lang/NullPointerException'{0x00000000eb013670}> (0x00000000eb013670) thrown at [t:/workspace/open/src/hotspot/share/runtime/sharedRuntime.cpp, line 584]

Events (10 events):
Event: 10854.639 Executing VM operation: RevokeBias done
Event: 10854.639 Thread 0x000002b0e09f1000 Thread exited: 0x000002b0e09f1000
Event: 10914.641 Executing VM operation: RevokeBias
Event: 10914.641 Executing VM operation: RevokeBias done
Event: 10914.641 Thread 0x000002b0cebaa000 Thread exited: 0x000002b0cebaa000
Event: 10974.645 Executing VM operation: RevokeBias
Event: 10974.645 Executing VM operation: RevokeBias done
Event: 10974.645 Thread 0x000002b0e09ed800 Thread exited: 0x000002b0e09ed800
Event: 10974.924 Thread 0x000002b0e09f4800 DEOPT PACKING pc=0x000002b0bbc9cdae sp=0x000000e5acefeac0
Event: 10974.924 Thread 0x000002b0e09f4800 DEOPT UNPACKING pc=0x000002b0ba6779bf sp=0x000000e5acefdf38 mode 0


Dynamic libraries:
0x00007ff6f19f0000 - 0x00007ff6f1a35000 	E:\Programas\jdk-11\bin\java.exe
0x00007ffb420a0000 - 0x00007ffb42290000 	C:\WINDOWS\SYSTEM32\ntdll.dll
0x00007ffb41530000 - 0x00007ffb415e2000 	C:\WINDOWS\System32\KERNEL32.DLL
0x00007ffb3f9c0000 - 0x00007ffb3fc65000 	C:\WINDOWS\System32\KERNELBASE.dll
0x00007ffb40cf0000 - 0x00007ffb40e84000 	C:\WINDOWS\System32\USER32.dll
0x00007ffb3f840000 - 0x00007ffb3f861000 	C:\WINDOWS\System32\win32u.dll
0x00007ffb41f80000 - 0x00007ffb41fa6000 	C:\WINDOWS\System32\GDI32.dll
0x00007ffb3fd10000 - 0x00007ffb3fea8000 	C:\WINDOWS\System32\gdi32full.dll
0x00007ffb3fc70000 - 0x00007ffb3fd0e000 	C:\WINDOWS\System32\msvcp_win.dll
0x00007ffb3f8a0000 - 0x00007ffb3f99a000 	C:\WINDOWS\System32\ucrtbase.dll
0x00007ffb234b0000 - 0x00007ffb23734000 	C:\WINDOWS\WinSxS\amd64_microsoft.windows.common-controls_6595b64144ccf1df_6.0.18362.1440_none_9e7dbfb9e45e8e67\COMCTL32.dll
0x00007ffb41e20000 - 0x00007ffb41ebe000 	C:\WINDOWS\System32\msvcrt.dll
0x00007ffb40290000 - 0x00007ffb405c6000 	C:\WINDOWS\System32\combase.dll
0x00007ffb41190000 - 0x00007ffb412af000 	C:\WINDOWS\System32\RPCRT4.dll
0x00007ffb400c0000 - 0x00007ffb40141000 	C:\WINDOWS\System32\bcryptPrimitives.dll
0x00007ffb405d0000 - 0x00007ffb405fe000 	C:\WINDOWS\System32\IMM32.DLL
0x00007ffb19ec0000 - 0x00007ffb19ed6000 	E:\Programas\jdk-11\bin\vcruntime140.dll
0x00007ffafde50000 - 0x00007ffafdefa000 	E:\Programas\jdk-11\bin\msvcp140.dll
0x00007ffadb450000 - 0x00007ffadbf91000 	E:\Programas\jdk-11\bin\server\jvm.dll
0x00007ffb41fb0000 - 0x00007ffb42053000 	C:\WINDOWS\System32\ADVAPI32.dll
0x00007ffb401d0000 - 0x00007ffb40267000 	C:\WINDOWS\System32\sechost.dll
0x00007ffb41660000 - 0x00007ffb41668000 	C:\WINDOWS\System32\PSAPI.DLL
0x00007ffb1f840000 - 0x00007ffb1f849000 	C:\WINDOWS\SYSTEM32\WSOCK32.dll
0x00007ffb41120000 - 0x00007ffb4118f000 	C:\WINDOWS\System32\WS2_32.dll
0x00007ffb3bbc0000 - 0x00007ffb3bbe4000 	C:\WINDOWS\SYSTEM32\WINMM.dll
0x00007ffb32350000 - 0x00007ffb3235a000 	C:\WINDOWS\SYSTEM32\VERSION.dll
0x00007ffb3bb90000 - 0x00007ffb3bbbd000 	C:\WINDOWS\SYSTEM32\WINMMBASE.dll
0x00007ffb3f790000 - 0x00007ffb3f7da000 	C:\WINDOWS\System32\cfgmgr32.dll
0x00007ffb3efb0000 - 0x00007ffb3efc1000 	C:\WINDOWS\System32\kernel.appcore.dll
0x00007ffb16150000 - 0x00007ffb16161000 	E:\Programas\jdk-11\bin\verify.dll
0x00007ffb30ff0000 - 0x00007ffb311e4000 	C:\WINDOWS\SYSTEM32\DBGHELP.DLL
0x00007ffb18650000 - 0x00007ffb1867a000 	C:\WINDOWS\SYSTEM32\dbgcore.DLL
0x00007ffb10a30000 - 0x00007ffb10a58000 	E:\Programas\jdk-11\bin\java.dll
0x00007ffb104b0000 - 0x00007ffb104df000 	E:\Programas\jdk-11\bin\instrument.dll
0x00007ffb15360000 - 0x00007ffb15376000 	E:\Programas\jdk-11\bin\zip.dll
0x00007ffb23ca0000 - 0x00007ffb23caa000 	E:\Programas\jdk-11\bin\jimage.dll
0x00007ffb40600000 - 0x00007ffb40ce8000 	C:\WINDOWS\System32\SHELL32.dll
0x00007ffb412b0000 - 0x00007ffb41357000 	C:\WINDOWS\System32\shcore.dll
0x00007ffb3f010000 - 0x00007ffb3f78b000 	C:\WINDOWS\System32\windows.storage.dll
0x00007ffb3eff0000 - 0x00007ffb3f00e000 	C:\WINDOWS\System32\profapi.dll
0x00007ffb3ef60000 - 0x00007ffb3efaa000 	C:\WINDOWS\System32\powrprof.dll
0x00007ffb3ef50000 - 0x00007ffb3ef60000 	C:\WINDOWS\System32\UMPDC.dll
0x00007ffb41f20000 - 0x00007ffb41f72000 	C:\WINDOWS\System32\shlwapi.dll
0x00007ffb3f9a0000 - 0x00007ffb3f9b7000 	C:\WINDOWS\System32\cryptsp.dll
0x00007ffb12b20000 - 0x00007ffb12b39000 	E:\Programas\jdk-11\bin\net.dll
0x00007ffb39480000 - 0x00007ffb3957a000 	C:\WINDOWS\SYSTEM32\WINHTTP.dll
0x00007ffb3e790000 - 0x00007ffb3e7f7000 	C:\WINDOWS\system32\mswsock.dll
0x00007ffb11c10000 - 0x00007ffb11c23000 	E:\Programas\jdk-11\bin\nio.dll
0x00007ffb3e310000 - 0x00007ffb3e343000 	C:\WINDOWS\system32\rsaenh.dll
0x00007ffb3f870000 - 0x00007ffb3f896000 	C:\WINDOWS\System32\bcrypt.dll
0x00007ffb3ee30000 - 0x00007ffb3ee55000 	C:\WINDOWS\SYSTEM32\USERENV.dll
0x00007ffb3e960000 - 0x00007ffb3e96c000 	C:\WINDOWS\SYSTEM32\CRYPTBASE.dll
0x00007ffb3e4a0000 - 0x00007ffb3e4da000 	C:\WINDOWS\SYSTEM32\IPHLPAPI.DLL
0x00007ffb41bb0000 - 0x00007ffb41bb8000 	C:\WINDOWS\System32\NSI.dll
0x00007ffb2ea60000 - 0x00007ffb2ea76000 	C:\WINDOWS\SYSTEM32\dhcpcsvc6.DLL
0x00007ffb2e870000 - 0x00007ffb2e88c000 	C:\WINDOWS\SYSTEM32\dhcpcsvc.DLL
0x00007ffb3e4e0000 - 0x00007ffb3e5ab000 	C:\WINDOWS\SYSTEM32\DNSAPI.dll
0x00007ffb06840000 - 0x00007ffb06869000 	C:\Users\slato\AppData\Roaming\Code\User\globalStorage\redhat.java\0.76.0\config_win\org.eclipse.equinox.launcher\org.eclipse.equinox.launcher.win32.win32.x86_64_1.2.100.v20210209-1541\eclipse_11301.dll
0x00007ffb21500000 - 0x00007ffb21511000 	C:\Users\slato\AppData\Roaming\Code\User\globalStorage\redhat.java\0.76.0\config_win\org.eclipse.osgi\23\0\.cp\jWinHttp-1.0.0.dll
0x00007ffb40fc0000 - 0x00007ffb41117000 	C:\WINDOWS\System32\ole32.dll
0x00007ffb38e90000 - 0x00007ffb38e9d000 	E:\Programas\jdk-11\bin\sunmscapi.dll
0x00007ffb3ff60000 - 0x00007ffb400b1000 	C:\WINDOWS\System32\CRYPT32.dll
0x00007ffb3efd0000 - 0x00007ffb3efe2000 	C:\WINDOWS\System32\MSASN1.dll
0x00007ffb3ea60000 - 0x00007ffb3ea86000 	C:\WINDOWS\SYSTEM32\ncrypt.dll
0x00007ffb3ea20000 - 0x00007ffb3ea5b000 	C:\WINDOWS\SYSTEM32\NTASN1.dll
0x00007ffb16320000 - 0x00007ffb16347000 	E:\Programas\jdk-11\bin\sunec.dll
0x00007ffb2ba50000 - 0x00007ffb2ba5a000 	C:\Windows\System32\rasadhlp.dll
0x00007ffb29100000 - 0x00007ffb29177000 	C:\WINDOWS\System32\fwpuclnt.dll
0x00007ffb31860000 - 0x00007ffb31869000 	E:\Programas\jdk-11\bin\management.dll
0x00007ffb31850000 - 0x00007ffb3185c000 	E:\Programas\jdk-11\bin\management_ext.dll

dbghelp: loaded successfully - version: 4.0.5 - missing functions: none
symbol engine: initialized successfully - sym options: 0x614 - pdb path: .;E:\Programas\jdk-11\bin;C:\WINDOWS\SYSTEM32;C:\WINDOWS\WinSxS\amd64_microsoft.windows.common-controls_6595b64144ccf1df_6.0.18362.1440_none_9e7dbfb9e45e8e67;E:\Programas\jdk-11\bin\server;C:\Users\slato\AppData\Roaming\Code\User\globalStorage\redhat.java\0.76.0\config_win\org.eclipse.equinox.launcher\org.eclipse.equinox.launcher.win32.win32.x86_64_1.2.100.v20210209-1541;C:\Users\slato\AppData\Roaming\Code\User\globalStorage\redhat.java\0.76.0\config_win\org.eclipse.osgi\23\0\.cp

VM Arguments:
jvm_args: --add-modules=ALL-SYSTEM --add-opens=java.base/java.util=ALL-UNNAMED --add-opens=java.base/java.lang=ALL-UNNAMED -Declipse.application=org.eclipse.jdt.ls.core.id1 -Dosgi.bundles.defaultStartLevel=4 -Declipse.product=org.eclipse.jdt.ls.core.product -Dfile.encoding=utf8 -DwatchParentProcess=false -XX:+UseParallelGC -XX:GCTimeRatio=4 -XX:AdaptiveSizePolicyWeight=90 -Dsun.zip.disableMemoryMapping=true -Xmx1G -Xms100m -javaagent:c:\Users\slato\.vscode\extensions\gabrielbb.vscode-lombok-1.0.1\server\lombok.jar -Xverify:none 
java_command: c:\Users\slato\.vscode\extensions\redhat.java-0.76.0\server\plugins\org.eclipse.equinox.launcher_1.6.100.v20201223-0822.jar -configuration c:\Users\slato\AppData\Roaming\Code\User\globalStorage\redhat.java\0.76.0\config_win -data c:\Users\slato\AppData\Roaming\Code\User\workspaceStorage\928932c0649bfb08318a6e9478376d27\redhat.java\jdt_ws
java_class_path (initial): c:\Users\slato\.vscode\extensions\redhat.java-0.76.0\server\plugins\org.eclipse.equinox.launcher_1.6.100.v20201223-0822.jar
Launcher Type: SUN_STANDARD

[Global flags]
    uintx AdaptiveSizePolicyWeight                 = 90                                        {product} {command line}
     bool BytecodeVerificationLocal                = false                                     {product} {command line}
     bool BytecodeVerificationRemote               = false                                     {product} {command line}
     intx CICompilerCount                          = 3                                         {product} {ergonomic}
    uintx GCTimeRatio                              = 4                                         {product} {command line}
   size_t InitialHeapSize                          = 104857600                                 {product} {command line}
   size_t MaxHeapSize                              = 1073741824                                {product} {command line}
   size_t MaxNewSize                               = 357564416                                 {product} {ergonomic}
   size_t MinHeapDeltaBytes                        = 524288                                    {product} {ergonomic}
   size_t NewSize                                  = 34603008                                  {product} {ergonomic}
    uintx NonNMethodCodeHeapSize                   = 5830092                                {pd product} {ergonomic}
    uintx NonProfiledCodeHeapSize                  = 122914074                              {pd product} {ergonomic}
   size_t OldSize                                  = 70254592                                  {product} {ergonomic}
    uintx ProfiledCodeHeapSize                     = 122914074                              {pd product} {ergonomic}
    uintx ReservedCodeCacheSize                    = 251658240                              {pd product} {ergonomic}
     bool SegmentedCodeCache                       = true                                      {product} {ergonomic}
     bool UseCompressedClassPointers               = true                                 {lp64_product} {ergonomic}
     bool UseCompressedOops                        = true                                 {lp64_product} {ergonomic}
     bool UseLargePagesIndividualAllocation        = false                                  {pd product} {ergonomic}
     bool UseParallelGC                            = true                                      {product} {command line}

Logging:
Log output configuration:
 #0: stdout all=warning uptime,level,tags
 #1: stderr all=off uptime,level,tags

Environment Variables:
JAVA_HOME=E:\Programas\jdk-11
PATH=C:\oraclexe\app\oracle\product\11.2.0\server\bin;C:\app\slato\product\11.2.0\dbhome_1\bin;C:\Program Files (x86)\Common Files\Oracle\Java\javapath;C:\WINDOWS\system32;C:\WINDOWS;C:\WINDOWS\System32\Wbem;C:\WINDOWS\System32\WindowsPowerShell\v1.0\;C:\WINDOWS\System32\OpenSSH\;C:\Program Files\Git\cmd;C:\Program Files\AutoFirma\AutoFirma;E:\Programas\Gpg4win\..\GnuPG\bin;C:\Users\slato\AppData\Local\Microsoft\WindowsApps;C:\Users\slato\AppData\Local\GitHubDesktop\bin;C:\Program Files\MongoDB\Server\4.4\bin;E:\Programas\Microsoft VS Code\bin;C:\Users\slato\AppData\Roaming\Microsoft\Windows\Start Menu\Programs\Anaconda3 (64-bit);E:\Programas\apache-maven-3.6.3\bin;E:\Programas\jdk-11\bin;
USERNAME=slato
OS=Windows_NT
PROCESSOR_IDENTIFIER=Intel64 Family 6 Model 142 Stepping 9, GenuineIntel



---------------  S Y S T E M  ---------------

OS: Windows 10 , 64 bit Build 18362 (10.0.18362.1350)

CPU:total 4 (initial active 4) (2 cores per cpu, 2 threads per core) family 6 model 142 stepping 9, cmov, cx8, fxsr, mmx, sse, sse2, sse3, ssse3, sse4.1, sse4.2, popcnt, aes, clmul, erms, 3dnowpref, lzcnt, ht, tsc, tscinvbit

Memory: 4k page, system-wide physical 8076M (1751M free)
TotalPageFile size 17521M (AvailPageFile size 2717M)
current process WorkingSet (physical memory assigned to process): 430M, peak: 671M
current process commit charge ("private bytes"): 571M, peak: 809M

vm_info: OpenJDK 64-Bit Server VM (11+28) for windows-amd64 JRE (11+28), built on Aug 23 2018 03:04:58 by "mach5one" with MS VC++ 15.5 (VS2017)

END.
