#
# A fatal error has been detected by the Java Runtime Environment:
#
#  EXCEPTION_ACCESS_VIOLATION (0xc0000005) at pc=0x00007ffadba68040, pid=25900, tid=25552
#
# JRE version:  (11.0+28) (build )
# Java VM: OpenJDK 64-Bit Server VM (11+28, mixed mode, aot, sharing, tiered, compressed oops, parallel gc, windows-amd64)
# Problematic frame:
# V  [jvm.dll+0x618040]
#
# No core dump will be written. Minidumps are not enabled by default on client versions of Windows
#
# If you would like to submit a bug report, please visit:
#   http://bugreport.java.com/bugreport/crash.jsp
#

---------------  S U M M A R Y ------------

Command Line: --add-modules=ALL-SYSTEM --add-opens=java.base/java.util=ALL-UNNAMED --add-opens=java.base/java.lang=ALL-UNNAMED -Declipse.application=org.eclipse.jdt.ls.core.id1 -Dosgi.bundles.defaultStartLevel=4 -Declipse.product=org.eclipse.jdt.ls.core.product -Dfile.encoding=utf8 -DwatchParentProcess=false -XX:+UseParallelGC -XX:GCTimeRatio=4 -XX:AdaptiveSizePolicyWeight=90 -Dsun.zip.disableMemoryMapping=true -Xmx1G -Xms100m -javaagent:c:\Users\slato\.vscode\extensions\gabrielbb.vscode-lombok-1.0.1\server\lombok.jar -Xverify:none c:\Users\slato\.vscode\extensions\redhat.java-0.76.0\server\plugins\org.eclipse.equinox.launcher_1.6.100.v20201223-0822.jar -configuration c:\Users\slato\AppData\Roaming\Code\User\globalStorage\redhat.java\0.76.0\config_win -data c:\Users\slato\AppData\Roaming\Code\User\workspaceStorage\928932c0649bfb08318a6e9478376d27\redhat.java\jdt_ws

Host: Intel(R) Pentium(R) CPU 4415Y @ 1.60GHz, 4 cores, 7G,  Windows 10 , 64 bit Build 18362 (10.0.18362.1350)
Time: Mon Apr  5 21:23:17 2021 Hora de verano romance elapsed time: 0 seconds (0d 0h 0m 0s)

---------------  T H R E A D  ---------------

Current thread (0x00000253fdb7c000):  JavaThread "Unknown thread" [_thread_in_vm, id=25552, stack(0x000000a7d5600000,0x000000a7d5700000)]

Stack: [0x000000a7d5600000,0x000000a7d5700000],  sp=0x000000a7d56ff718,  free space=1021k
Native frames: (J=compiled Java code, j=interpreted, Vv=VM code, C=native code)
V  [jvm.dll+0x618040]
V  [jvm.dll+0x5c64c0]
V  [jvm.dll+0x374071]
V  [jvm.dll+0x738059]
V  [jvm.dll+0x3e35fd]
V  [jvm.dll+0x3e5961]
C  [java.exe+0x3603]
C  [java.exe+0x1746c]
C  [KERNEL32.DLL+0x17c24]
C  [ntdll.dll+0x6d721]


siginfo: EXCEPTION_ACCESS_VIOLATION (0xc0000005), writing address 0x0000000000000020


Registers:
RAX=0x00000253fdb7d760, RBX=0x00000253fdb7d760, RCX=0x00000253fdb7d760, RDX=0x0000000000000020
RSP=0x000000a7d56ff718, RBP=0x000000a7d56ff8d0, RSI=0x00000253fdb7c000, RDI=0x0000000000000000
R8 =0x0000000000000007, R9 =0x000000a7d56ff6c0, R10=0x0000000000000000, R11=0x000127e606de43e0
R12=0x0000000000000000, R13=0x00007ffadba35b00, R14=0x00000253fbad3728, R15=0x000000a7d56ffb68
RIP=0x00007ffadba68040, EFLAGS=0x0000000000010206

Top of Stack: (sp=0x000000a7d56ff718)
0x000000a7d56ff718:   00007ffadba164c0 0000000000000000
0x000000a7d56ff728:   000000a7d56ff8d0 00000253fdb7c000
0x000000a7d56ff738:   0000000000000000 00000253fdb7c000
0x000000a7d56ff748:   00007ffadbab337d 0000000000000000
0x000000a7d56ff758:   00007ffadb7c4071 00000253fdb7c000
0x000000a7d56ff768:   00000253fdb7c000 0000000000000003
0x000000a7d56ff778:   000000a7d5600000 00000253fdb7c000
0x000000a7d56ff788:   00000253fdb71fd0 00000253fbad4130
0x000000a7d56ff798:   00000253fbad4140 00000253fbad4218
0x000000a7d56ff7a8:   00000000000000d8 00000253fdb72250
0x000000a7d56ff7b8:   0000000000000000 0000000000000000
0x000000a7d56ff7c8:   00007ffadbb88059 00000253fdb7c000
0x000000a7d56ff7d8:   00000253fdb7c000 0000000000000000
0x000000a7d56ff7e8:   00000253fdb7c000 000000a700000000
0x000000a7d56ff7f8:   00007ffb3efb00f0 0000000000000001
0x000000a7d56ff808:   00000178a37d3db3 00007ffadbd39690 

Instructions: (pc=0x00007ffadba68040)
0x00007ffadba68020:   0a 36 d9 03 00 00 00 00 0a 36 d9 03 00 00 00 00
0x00007ffadba68030:   00 3a d9 03 00 00 00 00 17 3a d9 03 00 00 00 00
0x00007ffadba68040:   21 3a d9 03 00 00 00 00 38 3a d9 03 00 00 00 00
0x00007ffadba68050:   42 3a d9 03 00 00 00 00 59 3a d9 03 00 00 00 00 



---------------  P R O C E S S  ---------------

Threads class SMR info:
_java_thread_list=0x00000253fbad3530, length=0, elements={
}

Java Threads: ( => current thread )

Other Threads:

[error occurred during error reporting (printing all threads), id 0xc0000005, EXCEPTION_ACCESS_VIOLATION (0xc0000005) at pc=0x00007ffadbb8cdfd]

VM state:not at safepoint (not fully initialized)

VM Mutex/Monitor currently owned by a thread: None


[error occurred during error reporting (printing compressed oops mode), id 0xc0000005, EXCEPTION_ACCESS_VIOLATION (0xc0000005) at pc=0x00007ffadbba2597]

Deoptimization events (0 events):
No events

Classes redefined (0 events):
No events

Internal exceptions (0 events):
No events

Events (0 events):
No events


Dynamic libraries:
0x00007ff6f19f0000 - 0x00007ff6f1a35000 	E:\Programas\jdk-11\bin\java.exe
0x00007ffb420a0000 - 0x00007ffb42290000 	C:\WINDOWS\SYSTEM32\ntdll.dll
0x00007ffb41530000 - 0x00007ffb415e2000 	C:\WINDOWS\System32\KERNEL32.DLL
0x00007ffb3f9c0000 - 0x00007ffb3fc65000 	C:\WINDOWS\System32\KERNELBASE.dll
0x00007ffb40cf0000 - 0x00007ffb40e84000 	C:\WINDOWS\System32\USER32.dll
0x00007ffb3f840000 - 0x00007ffb3f861000 	C:\WINDOWS\System32\win32u.dll
0x00007ffb41f80000 - 0x00007ffb41fa6000 	C:\WINDOWS\System32\GDI32.dll
0x00007ffb3fd10000 - 0x00007ffb3fea8000 	C:\WINDOWS\System32\gdi32full.dll
0x00007ffb3fc70000 - 0x00007ffb3fd0e000 	C:\WINDOWS\System32\msvcp_win.dll
0x00007ffb3f8a0000 - 0x00007ffb3f99a000 	C:\WINDOWS\System32\ucrtbase.dll
0x00007ffb234b0000 - 0x00007ffb23734000 	C:\WINDOWS\WinSxS\amd64_microsoft.windows.common-controls_6595b64144ccf1df_6.0.18362.1440_none_9e7dbfb9e45e8e67\COMCTL32.dll
0x00007ffb41e20000 - 0x00007ffb41ebe000 	C:\WINDOWS\System32\msvcrt.dll
0x00007ffb40290000 - 0x00007ffb405c6000 	C:\WINDOWS\System32\combase.dll
0x00007ffb41190000 - 0x00007ffb412af000 	C:\WINDOWS\System32\RPCRT4.dll
0x00007ffb400c0000 - 0x00007ffb40141000 	C:\WINDOWS\System32\bcryptPrimitives.dll
0x00007ffb405d0000 - 0x00007ffb405fe000 	C:\WINDOWS\System32\IMM32.DLL
0x00007ffb19ec0000 - 0x00007ffb19ed6000 	E:\Programas\jdk-11\bin\vcruntime140.dll
0x00007ffafde50000 - 0x00007ffafdefa000 	E:\Programas\jdk-11\bin\msvcp140.dll
0x00007ffadb450000 - 0x00007ffadbf91000 	E:\Programas\jdk-11\bin\server\jvm.dll
0x00007ffb41fb0000 - 0x00007ffb42053000 	C:\WINDOWS\System32\ADVAPI32.dll
0x00007ffb401d0000 - 0x00007ffb40267000 	C:\WINDOWS\System32\sechost.dll
0x00007ffb41660000 - 0x00007ffb41668000 	C:\WINDOWS\System32\PSAPI.DLL
0x00007ffb1f840000 - 0x00007ffb1f849000 	C:\WINDOWS\SYSTEM32\WSOCK32.dll
0x00007ffb3bbc0000 - 0x00007ffb3bbe4000 	C:\WINDOWS\SYSTEM32\WINMM.dll
0x00007ffb41120000 - 0x00007ffb4118f000 	C:\WINDOWS\System32\WS2_32.dll
0x00007ffb32350000 - 0x00007ffb3235a000 	C:\WINDOWS\SYSTEM32\VERSION.dll
0x00007ffb3bb90000 - 0x00007ffb3bbbd000 	C:\WINDOWS\SYSTEM32\winmmbase.dll
0x00007ffb3f790000 - 0x00007ffb3f7da000 	C:\WINDOWS\System32\cfgmgr32.dll
0x00007ffb3efb0000 - 0x00007ffb3efc1000 	C:\WINDOWS\System32\kernel.appcore.dll
0x00007ffb16150000 - 0x00007ffb16161000 	E:\Programas\jdk-11\bin\verify.dll
0x00007ffb30ff0000 - 0x00007ffb311e4000 	C:\WINDOWS\SYSTEM32\DBGHELP.DLL
0x00007ffb18650000 - 0x00007ffb1867a000 	C:\WINDOWS\SYSTEM32\dbgcore.DLL
0x00007ffb10a30000 - 0x00007ffb10a58000 	E:\Programas\jdk-11\bin\java.dll
0x00007ffb214f0000 - 0x00007ffb2151f000 	E:\Programas\jdk-11\bin\instrument.dll

dbghelp: loaded successfully - version: 4.0.5 - missing functions: none
symbol engine: initialized successfully - sym options: 0x614 - pdb path: .;E:\Programas\jdk-11\bin;C:\WINDOWS\SYSTEM32;C:\WINDOWS\WinSxS\amd64_microsoft.windows.common-controls_6595b64144ccf1df_6.0.18362.1440_none_9e7dbfb9e45e8e67;E:\Programas\jdk-11\bin\server

VM Arguments:
jvm_args: --add-modules=ALL-SYSTEM --add-opens=java.base/java.util=ALL-UNNAMED --add-opens=java.base/java.lang=ALL-UNNAMED -Declipse.application=org.eclipse.jdt.ls.core.id1 -Dosgi.bundles.defaultStartLevel=4 -Declipse.product=org.eclipse.jdt.ls.core.product -Dfile.encoding=utf8 -DwatchParentProcess=false -XX:+UseParallelGC -XX:GCTimeRatio=4 -XX:AdaptiveSizePolicyWeight=90 -Dsun.zip.disableMemoryMapping=true -Xmx1G -Xms100m -javaagent:c:\Users\slato\.vscode\extensions\gabrielbb.vscode-lombok-1.0.1\server\lombok.jar -Xverify:none 
java_command: c:\Users\slato\.vscode\extensions\redhat.java-0.76.0\server\plugins\org.eclipse.equinox.launcher_1.6.100.v20201223-0822.jar -configuration c:\Users\slato\AppData\Roaming\Code\User\globalStorage\redhat.java\0.76.0\config_win -data c:\Users\slato\AppData\Roaming\Code\User\workspaceStorage\928932c0649bfb08318a6e9478376d27\redhat.java\jdt_ws
java_class_path (initial): c:\Users\slato\.vscode\extensions\redhat.java-0.76.0\server\plugins\org.eclipse.equinox.launcher_1.6.100.v20201223-0822.jar
Launcher Type: SUN_STANDARD

[Global flags]
    uintx AdaptiveSizePolicyWeight                 = 90                                        {product} {command line}
     bool BytecodeVerificationLocal                = false                                     {product} {command line}
     bool BytecodeVerificationRemote               = false                                     {product} {command line}
    uintx GCTimeRatio                              = 4                                         {product} {command line}
   size_t InitialHeapSize                          = 104857600                                 {product} {command line}
   size_t MaxHeapSize                              = 1073741824                                {product} {command line}
    uintx ReservedCodeCacheSize                    = 251658240                              {pd product} {ergonomic}
     bool SegmentedCodeCache                       = true                                      {product} {ergonomic}
     bool UseCompressedClassPointers               = true                                 {lp64_product} {ergonomic}
     bool UseCompressedOops                        = true                                 {lp64_product} {ergonomic}
     bool UseLargePagesIndividualAllocation        = false                                  {pd product} {ergonomic}
     bool UseParallelGC                            = true                                      {product} {command line}

Logging:
Log output configuration:
 #0: stdout all=warning uptime,level,tags
 #1: stderr all=off uptime,level,tags

Environment Variables:
JAVA_HOME=E:\Programas\jdk-11
PATH=C:\oraclexe\app\oracle\product\11.2.0\server\bin;C:\app\slato\product\11.2.0\dbhome_1\bin;C:\Program Files (x86)\Common Files\Oracle\Java\javapath;C:\WINDOWS\system32;C:\WINDOWS;C:\WINDOWS\System32\Wbem;C:\WINDOWS\System32\WindowsPowerShell\v1.0\;C:\WINDOWS\System32\OpenSSH\;C:\Program Files\Git\cmd;C:\Program Files\AutoFirma\AutoFirma;E:\Programas\Gpg4win\..\GnuPG\bin;C:\Users\slato\AppData\Local\Microsoft\WindowsApps;C:\Users\slato\AppData\Local\GitHubDesktop\bin;C:\Program Files\MongoDB\Server\4.4\bin;E:\Programas\Microsoft VS Code\bin;C:\Users\slato\AppData\Roaming\Microsoft\Windows\Start Menu\Programs\Anaconda3 (64-bit);E:\Programas\apache-maven-3.6.3\bin;E:\Programas\jdk-11\bin;
USERNAME=slato
OS=Windows_NT
PROCESSOR_IDENTIFIER=Intel64 Family 6 Model 142 Stepping 9, GenuineIntel



---------------  S Y S T E M  ---------------

OS: Windows 10 , 64 bit Build 18362 (10.0.18362.1350)

CPU:total 4 (initial active 4) 

Memory: 4k page, system-wide physical 8076M (2189M free)
TotalPageFile size 17521M (AvailPageFile size 3289M)
current process WorkingSet (physical memory assigned to process): 8M, peak: 8M
current process commit charge ("private bytes"): 3M, peak: 3M

vm_info: OpenJDK 64-Bit Server VM (11+28) for windows-amd64 JRE (11+28), built on Aug 23 2018 03:04:58 by "mach5one" with MS VC++ 15.5 (VS2017)

END.
